2021-04-06 05:28:24.803 INFO  (main) [   ] o.e.j.u.log Logging initialized @4081ms to org.eclipse.jetty.util.log.Slf4jLog
2021-04-06 05:28:25.676 INFO  (main) [   ] o.e.j.s.Server jetty-9.4.34.v20201102; built: 2020-11-02T14:15:39.302Z; git: e46af88704a893fc12cb0e3bf46e2c7b48a009e7; jvm 1.8.0_282-b08
2021-04-06 05:28:25.749 INFO  (main) [   ] o.e.j.d.p.ScanningAppProvider Deployment monitor [file:///C:/Users/VISHAL%20RAJ/Desktop/4041/Info-Retrieval-Group-Project/solr/server/contexts/] at interval 0
2021-04-06 05:28:28.330 INFO  (main) [   ] o.e.j.w.StandardDescriptorProcessor NO JSP Support for /solr, did not find org.apache.jasper.servlet.JspServlet
2021-04-06 05:28:28.376 INFO  (main) [   ] o.e.j.s.session DefaultSessionIdManager workerName=node0
2021-04-06 05:28:28.376 INFO  (main) [   ] o.e.j.s.session No SessionScavenger set, using defaults
2021-04-06 05:28:28.387 INFO  (main) [   ] o.e.j.s.session node0 Scavenging every 660000ms
2021-04-06 05:28:28.583 INFO  (main) [   ] o.a.s.s.SolrDispatchFilter Using logger factory org.apache.logging.slf4j.Log4jLoggerFactory
2021-04-06 05:28:28.601 INFO  (main) [   ] o.a.s.s.SolrDispatchFilter  ___      _       Welcome to Apache Solr™ version 8.8.0
2021-04-06 05:28:28.601 INFO  (main) [   ] o.a.s.s.SolrDispatchFilter / __| ___| |_ _   Starting in standalone mode on port 8983
2021-04-06 05:28:28.601 INFO  (main) [   ] o.a.s.s.SolrDispatchFilter \__ \/ _ \ | '_|  Install dir: C:\Users\VISHAL RAJ\Desktop\4041\Info-Retrieval-Group-Project\solr
2021-04-06 05:28:28.603 INFO  (main) [   ] o.a.s.s.SolrDispatchFilter |___/\___/_|_|    Start time: 2021-04-06T05:28:28.603Z
2021-04-06 05:28:28.635 INFO  (main) [   ] o.a.s.c.SolrPaths Using system property solr.solr.home: C:\Users\VISHAL RAJ\Desktop\4041\Info-Retrieval-Group-Project\solr\server\solr
2021-04-06 05:28:28.637 INFO  (main) [   ] o.a.s.c.SolrXmlConfig Loading container configuration from C:\Users\VISHAL RAJ\Desktop\4041\Info-Retrieval-Group-Project\solr\server\solr\solr.xml
2021-04-06 05:28:29.081 INFO  (main) [   ] o.a.s.c.SolrXmlConfig MBean server found: com.sun.jmx.mbeanserver.JmxMBeanServer@6ce139a4, but no JMX reporters were configured - adding default JMX reporter.
2021-04-06 05:28:31.382 INFO  (main) [   ] o.a.s.h.c.HttpShardHandlerFactory Host whitelist initialized: WhitelistHostChecker [whitelistHosts=null, whitelistHostCheckingEnabled=true]
2021-04-06 05:28:31.832 WARN  (main) [   ] o.e.j.u.s.S.config Trusting all certificates configured for Client@1623134f[provider=null,keyStore=null,trustStore=null]
2021-04-06 05:28:31.832 WARN  (main) [   ] o.e.j.u.s.S.config No Client EndPointIdentificationAlgorithm configured for Client@1623134f[provider=null,keyStore=null,trustStore=null]
2021-04-06 05:28:32.198 WARN  (main) [   ] o.e.j.u.s.S.config Trusting all certificates configured for Client@72ccd81a[provider=null,keyStore=null,trustStore=null]
2021-04-06 05:28:32.199 WARN  (main) [   ] o.e.j.u.s.S.config No Client EndPointIdentificationAlgorithm configured for Client@72ccd81a[provider=null,keyStore=null,trustStore=null]
2021-04-06 05:28:32.337 WARN  (main) [   ] o.a.s.c.CoreContainer Not all security plugins configured!  authentication=disabled authorization=disabled.  Solr is only as secure as you make it. Consider configuring authentication/authorization before exposing Solr to users internal or external.  See https://s.apache.org/solrsecurity for more info
2021-04-06 05:28:32.758 INFO  (main) [   ] o.a.s.c.TransientSolrCoreCacheDefault Allocating transient cache for 2147483647 transient cores
2021-04-06 05:28:32.763 INFO  (main) [   ] o.a.s.h.a.MetricsHistoryHandler No .system collection, keeping metrics history in memory.
2021-04-06 05:28:33.003 INFO  (main) [   ] o.a.s.m.r.SolrJmxReporter JMX monitoring for 'solr.node' (registry 'solr.node') enabled at server: com.sun.jmx.mbeanserver.JmxMBeanServer@6ce139a4
2021-04-06 05:28:33.004 INFO  (main) [   ] o.a.s.m.r.SolrJmxReporter JMX monitoring for 'solr.jvm' (registry 'solr.jvm') enabled at server: com.sun.jmx.mbeanserver.JmxMBeanServer@6ce139a4
2021-04-06 05:28:33.021 INFO  (main) [   ] o.a.s.m.r.SolrJmxReporter JMX monitoring for 'solr.jetty' (registry 'solr.jetty') enabled at server: com.sun.jmx.mbeanserver.JmxMBeanServer@6ce139a4
2021-04-06 05:28:33.163 INFO  (main) [   ] o.a.s.c.CorePropertiesLocator Found 1 core definitions underneath C:\Users\VISHAL RAJ\Desktop\4041\Info-Retrieval-Group-Project\solr\server\solr
2021-04-06 05:28:33.165 INFO  (main) [   ] o.a.s.c.CorePropertiesLocator Cores are: [final_core]
2021-04-06 05:28:33.252 INFO  (coreLoadExecutor-13-thread-1) [   x:final_core] o.a.s.c.SolrConfig Using Lucene MatchVersion: 8.8.0
2021-04-06 05:28:33.716 INFO  (coreLoadExecutor-13-thread-1) [   x:final_core] o.a.s.s.IndexSchema Schema name=default-config
2021-04-06 05:28:34.625 WARN  (coreLoadExecutor-13-thread-1) [   x:final_core] o.a.s.s.AbstractSpatialPrefixTreeFieldType FieldType DateRangeField does not allow omitNorms to be specified in schema, hardcoded behavior is omitNorms=true
2021-04-06 05:28:34.626 WARN  (coreLoadExecutor-13-thread-1) [   x:final_core] o.a.s.s.AbstractSpatialPrefixTreeFieldType FieldType DateRangeField does not allow omitTermFreqAndPositions to be specified in schema, hardcoded behavior is omitTermFreqAndPositions=true
2021-04-06 05:28:34.626 WARN  (coreLoadExecutor-13-thread-1) [   x:final_core] o.a.s.s.AbstractSpatialPrefixTreeFieldType FieldType DateRangeField does not allow termOffsets to be specified in schema, hardcoded behavior is termOffsets=false
2021-04-06 05:28:34.626 WARN  (coreLoadExecutor-13-thread-1) [   x:final_core] o.a.s.s.AbstractSpatialPrefixTreeFieldType FieldType DateRangeField does not allow termPositions to be specified in schema, hardcoded behavior is termPositions=false
2021-04-06 05:28:34.626 WARN  (coreLoadExecutor-13-thread-1) [   x:final_core] o.a.s.s.AbstractSpatialPrefixTreeFieldType FieldType DateRangeField does not allow omitPositions to be specified in schema, hardcoded behavior is omitPositions=true
2021-04-06 05:28:34.647 WARN  (coreLoadExecutor-13-thread-1) [   x:final_core] o.a.s.s.AbstractSpatialPrefixTreeFieldType FieldType SpatialRecursivePrefixTreeFieldType does not allow omitNorms to be specified in schema, hardcoded behavior is omitNorms=true
2021-04-06 05:28:34.647 WARN  (coreLoadExecutor-13-thread-1) [   x:final_core] o.a.s.s.AbstractSpatialPrefixTreeFieldType FieldType SpatialRecursivePrefixTreeFieldType does not allow omitTermFreqAndPositions to be specified in schema, hardcoded behavior is omitTermFreqAndPositions=true
2021-04-06 05:28:34.647 WARN  (coreLoadExecutor-13-thread-1) [   x:final_core] o.a.s.s.AbstractSpatialPrefixTreeFieldType FieldType SpatialRecursivePrefixTreeFieldType does not allow termOffsets to be specified in schema, hardcoded behavior is termOffsets=false
2021-04-06 05:28:34.647 WARN  (coreLoadExecutor-13-thread-1) [   x:final_core] o.a.s.s.AbstractSpatialPrefixTreeFieldType FieldType SpatialRecursivePrefixTreeFieldType does not allow termPositions to be specified in schema, hardcoded behavior is termPositions=false
2021-04-06 05:28:34.648 WARN  (coreLoadExecutor-13-thread-1) [   x:final_core] o.a.s.s.AbstractSpatialPrefixTreeFieldType FieldType SpatialRecursivePrefixTreeFieldType does not allow omitPositions to be specified in schema, hardcoded behavior is omitPositions=true
2021-04-06 05:28:35.104 INFO  (coreLoadExecutor-13-thread-1) [   x:final_core] o.a.s.s.IndexSchema Loaded schema default-config/1.6 with uniqueid field id
2021-04-06 05:28:35.226 INFO  (coreLoadExecutor-13-thread-1) [   x:final_core] o.a.s.c.CoreContainer Creating SolrCore 'final_core' using configuration from instancedir C:\Users\VISHAL RAJ\Desktop\4041\Info-Retrieval-Group-Project\solr\server\solr\final_core, trusted=true
2021-04-06 05:28:35.311 INFO  (coreLoadExecutor-13-thread-1) [   x:final_core] o.a.s.m.r.SolrJmxReporter JMX monitoring for 'solr.core.final_core' (registry 'solr.core.final_core') enabled at server: com.sun.jmx.mbeanserver.JmxMBeanServer@6ce139a4
2021-04-06 05:28:35.351 INFO  (coreLoadExecutor-13-thread-1) [   x:final_core] o.a.s.c.SolrCore [[final_core] ] Opening new SolrCore at [C:\Users\VISHAL RAJ\Desktop\4041\Info-Retrieval-Group-Project\solr\server\solr\final_core], dataDir=[C:\Users\VISHAL RAJ\Desktop\4041\Info-Retrieval-Group-Project\solr\server\solr\final_core\data\]
2021-04-06 05:28:35.400 INFO  (main) [   ] o.e.j.s.h.ContextHandler Started o.e.j.w.WebAppContext@70e9c95d{/solr,file:///C:/Users/VISHAL%20RAJ/Desktop/4041/Info-Retrieval-Group-Project/solr/server/solr-webapp/webapp/,AVAILABLE}{C:\Users\VISHAL RAJ\Desktop\4041\Info-Retrieval-Group-Project\solr\server/solr-webapp/webapp}
2021-04-06 05:28:35.428 INFO  (main) [   ] o.e.j.s.AbstractConnector Started ServerConnector@152aa092{HTTP/1.1, (http/1.1, h2c)}{0.0.0.0:8983}
2021-04-06 05:28:35.429 INFO  (main) [   ] o.e.j.s.Server Started @14712ms
2021-04-06 05:28:35.965 INFO  (qtp150268540-23) [   ] o.a.s.s.HttpSolrCall [admin] webapp=null path=/admin/info/system params={wt=json} status=0 QTime=98
2021-04-06 05:28:36.803 INFO  (coreLoadExecutor-13-thread-1) [   x:final_core] o.a.s.u.UpdateHandler Using UpdateLog implementation: org.apache.solr.update.UpdateLog
2021-04-06 05:28:36.804 INFO  (coreLoadExecutor-13-thread-1) [   x:final_core] o.a.s.u.UpdateLog Initializing UpdateLog: dataDir= defaultSyncLevel=FLUSH numRecordsToKeep=100 maxNumLogsToKeep=10 numVersionBuckets=65536
2021-04-06 05:28:36.863 INFO  (coreLoadExecutor-13-thread-1) [   x:final_core] o.a.s.u.CommitTracker Hard AutoCommit: if uncommitted for 15000ms; 
2021-04-06 05:28:36.863 INFO  (coreLoadExecutor-13-thread-1) [   x:final_core] o.a.s.u.CommitTracker Soft AutoCommit: disabled
2021-04-06 05:28:37.491 INFO  (coreLoadExecutor-13-thread-1) [   x:final_core] o.a.s.r.ManagedResourceStorage File-based storage initialized to use dir: C:\Users\VISHAL RAJ\Desktop\4041\Info-Retrieval-Group-Project\solr\server\solr\final_core\conf
2021-04-06 05:28:37.560 INFO  (coreLoadExecutor-13-thread-1) [   x:final_core] o.a.s.h.c.SpellCheckComponent Initializing spell checkers
2021-04-06 05:28:37.576 INFO  (coreLoadExecutor-13-thread-1) [   x:final_core] o.a.s.s.DirectSolrSpellChecker init: {name=default,field=content,classname=solr.DirectSolrSpellChecker,distanceMeasure=internal,accuracy=0.5,maxEdits=2,minPrefix=1,maxInspections=5,minQueryLength=4,maxQueryFrequency=0.01}
2021-04-06 05:28:37.602 INFO  (coreLoadExecutor-13-thread-1) [   x:final_core] o.a.s.h.ReplicationHandler Commits will be reserved for 10000 ms
2021-04-06 05:28:37.654 INFO  (searcherExecutor-15-thread-1-processing-x:final_core) [   x:final_core] o.a.s.c.QuerySenderListener QuerySenderListener done.
2021-04-06 05:28:37.654 INFO  (searcherExecutor-15-thread-1-processing-x:final_core) [   x:final_core] o.a.s.h.c.SpellCheckComponent Loading spell index for spellchecker: default
2021-04-06 05:28:37.671 INFO  (searcherExecutor-15-thread-1-processing-x:final_core) [   x:final_core] o.a.s.c.SolrCore [final_core]  Registered new searcher autowarm time: 0 ms
2021-04-06 05:28:55.251 INFO  (qtp150268540-24) [   ] o.a.s.s.HttpSolrCall [admin] webapp=null path=/admin/cores params={indexInfo=false&wt=json&_=1617686934818} status=0 QTime=3
2021-04-06 05:28:55.404 INFO  (qtp150268540-21) [   ] o.a.s.s.HttpSolrCall [admin] webapp=null path=/admin/info/system params={wt=json&_=1617686934820} status=0 QTime=156
2021-04-06 05:28:55.517 INFO  (qtp150268540-23) [   ] o.a.s.s.HttpSolrCall [admin] webapp=null path=/admin/info/system params={wt=json&_=1617686934820} status=0 QTime=87
2021-04-06 05:30:58.409 INFO  (qtp150268540-21) [   ] o.a.s.s.HttpSolrCall [admin] webapp=null path=/admin/cores params={indexInfo=false&wt=json&_=1617686934818} status=0 QTime=0
2021-04-06 05:30:58.440 INFO  (qtp150268540-19) [   x:final_core] o.a.s.c.S.Request [final_core]  webapp=/solr path=/admin/luke params={numTerms=0&show=index&wt=json&_=1617687058393} status=0 QTime=24
2021-04-06 05:30:58.441 INFO  (qtp150268540-41) [   x:final_core] o.a.s.c.S.Request [final_core]  webapp=/solr path=/replication params={wt=json&command=details&_=1617687058393} status=0 QTime=19
2021-04-06 05:30:58.442 INFO  (qtp150268540-18) [   x:final_core] o.a.s.c.S.Request [final_core]  webapp=/solr path=/admin/ping params={action=status&wt=json&_=1617686934821&ts=1617686934821} status=503 QTime=4
2021-04-06 05:30:58.565 INFO  (qtp150268540-17) [   ] o.a.s.s.HttpSolrCall [admin] webapp=null path=/admin/info/system params={wt=json&_=1617686934820} status=0 QTime=152
2021-04-06 05:30:58.566 INFO  (qtp150268540-24) [   x:final_core] o.a.s.c.S.Request [final_core]  webapp=/solr path=/admin/system params={wt=json&_=1617687058393} status=0 QTime=142
2021-04-06 05:31:08.460 INFO  (qtp150268540-24) [   ] o.a.s.s.HttpSolrCall [admin] webapp=null path=/admin/cores params={indexInfo=false&wt=json&_=1617686934818} status=0 QTime=0
2021-04-06 05:31:08.529 INFO  (qtp150268540-42) [   ] o.a.s.s.HttpSolrCall [admin] webapp=null path=/admin/info/system params={wt=json&_=1617686934820} status=0 QTime=68
2021-04-06 05:31:10.921 INFO  (qtp150268540-17) [   x:final_core] o.a.s.c.S.Request [final_core]  webapp=/solr path=/select params={q=*:*&_=1617687068415} hits=9568 status=0 QTime=84
2021-04-06 05:31:38.684 INFO  (qtp150268540-17) [   x:final_core] o.a.s.c.PluginBag Going to create a new requestHandler with {type = requestHandler,name = /spell,class = solr.SearchHandler,attributes = {startup=lazy, name=/spell, class=solr.SearchHandler},args = {defaults={spellcheck.dictionary=default,spellcheck=on,spellcheck.extendedResults=true,spellcheck.count=10,spellcheck.alternativeTermCount=5,spellcheck.maxResultsForSuggest=5,spellcheck.collate=true,spellcheck.collateExtendedResults=true,spellcheck.maxCollationTries=10,spellcheck.maxCollations=5,df=_text_},last-components=[spellcheck]}} 
2021-04-06 05:31:38.883 INFO  (qtp150268540-17) [   x:final_core] o.a.s.c.S.Request [final_core]  webapp=/solr path=/spell params={spellcheck.q=Bidaan&spellcheck=true} hits=0 status=0 QTime=199
